<?xml version="1.0" encoding="UTF-8" standalone="no"?>
<testsuite errors="0" failures="0" name="io.cucumber.core.plugin.JUnitFormatter" skipped="0" tests="2" time="4.491">
<testcase classname="feature to test login functionality" name="Check login is successful with valid credentials" time="2.716">
<system-out><![CDATA[Given user is on login page.................................................passed
When user enters username and password......................................passed
And clicks on login button..................................................passed
Then user is navigated to the home page.....................................passed
]]></system-out>
</testcase>
<testcase classname="feature to test login functionality" name="Check login is successful with valid credentials" time="1.67">
<system-out><![CDATA[Given admin is on login page................................................passed
When admin enters username and password.....................................passed
And clicks on login button..................................................passed
Then admin is navigated to the home page....................................passed
]]></system-out>
</testcase>
</testsuite>
